<?xml version="1.0" encoding="UTF-8"?>
<testsuite xmlns:xsi="http://www.w3.org/2001/XMLSchema-instance" xsi:noNamespaceSchemaLocation="https://maven.apache.org/surefire/maven-surefire-plugin/xsd/surefire-test-report-3.0.xsd" version="3.0" name="com.smartmove.zones.ZoneServiceTest" time="1.695" tests="5" errors="0" skipped="0" failures="0">
  <properties>
[...]
</properties>
  <testcase name="returnsFalseWhenNoZonesForCity" classname="com.smartmove.zones.ZoneServiceTest" time="1.68">
    <system-err><![CDATA[WARNING: A Java agent has been loaded dynamically (/Users/user/.m2/repository/net/bytebuddy/byte-buddy-agent/1.14.15/byte-buddy-agent-1.14.15.jar)
WARNING: If a serviceability tool is in use, please run with -XX:+EnableDynamicAgentLoading to hide this warning
WARNING: If a serviceability tool is not in use, please run with -Djdk.instrument.traceUsage for more information
WARNING: Dynamic loading of agents will be disallowed by default in a future release
]]></system-err>
  </testcase>
  <testcase name="returnsTrueWhenPointInsideRectangleAndVehicleTypesNull" classname="com.smartmove.zones.ZoneServiceTest" time="0.002"/>
  <testcase name="returnsTrueOnBoundaryValues" classname="com.smartmove.zones.ZoneServiceTest" time="0.002"/>
  <testcase name="returnsFalseWhenVehicleTypeNotAllowedEvenIfInsideRectangle" classname="com.smartmove.zones.ZoneServiceTest" time="0.002"/>
  <testcase name="returnsFalseWhenOutsideRectangle" classname="com.smartmove.zones.ZoneServiceTest" time="0.002"/>
</testsuite>